  [1m[35m (581.2ms)[0m  [1m[35mCREATE DATABASE "GoalApp_development" ENCODING = 'unicode'[0m
  ↳ bin/rails:9
  [1m[35m (380.5ms)[0m  [1m[35mCREATE DATABASE "GoalApp_test" ENCODING = 'unicode'[0m
  ↳ bin/rails:9
  [1m[35m (124.8ms)[0m  [1m[35mCREATE TABLE "schema_migrations" ("version" character varying NOT NULL PRIMARY KEY)[0m
  ↳ bin/rails:9
  [1m[35m (6.3ms)[0m  [1m[35mCREATE TABLE "ar_internal_metadata" ("key" character varying NOT NULL PRIMARY KEY, "value" character varying, "created_at" timestamp NOT NULL, "updated_at" timestamp NOT NULL)[0m
  ↳ bin/rails:9
  [1m[35m (11.3ms)[0m  [1m[34mSELECT pg_try_advisory_lock(3326608677441972405)[0m
  ↳ bin/rails:9
  [1m[35m (1.2ms)[0m  [1m[34mSELECT "schema_migrations"."version" FROM "schema_migrations" ORDER BY "schema_migrations"."version" ASC[0m
  ↳ bin/rails:9
Migrating to CreateUsers (20180914181108)
  [1m[35m (0.2ms)[0m  [1m[35mBEGIN[0m
  ↳ bin/rails:9
  [1m[35m (41.4ms)[0m  [1m[35mCREATE TABLE "users" ("id" bigserial primary key, "email" character varying NOT NULL, "password_digest" character varying NOT NULL, "session_token" character varying NOT NULL, "created_at" timestamp NOT NULL, "updated_at" timestamp NOT NULL)[0m
  ↳ db/migrate/20180914181108_create_users.rb:3
  [1m[35m (1.6ms)[0m  [1m[35mCREATE UNIQUE INDEX  "index_users_on_email" ON "users"  ("email")[0m
  ↳ db/migrate/20180914181108_create_users.rb:11
  [1m[36mActiveRecord::SchemaMigration Create (0.9ms)[0m  [1m[32mINSERT INTO "schema_migrations" ("version") VALUES ($1) RETURNING "version"[0m  [["version", "20180914181108"]]
  ↳ bin/rails:9
  [1m[35m (1.1ms)[0m  [1m[35mCOMMIT[0m
  ↳ bin/rails:9
  [1m[36mActiveRecord::InternalMetadata Load (7.0ms)[0m  [1m[34mSELECT  "ar_internal_metadata".* FROM "ar_internal_metadata" WHERE "ar_internal_metadata"."key" = $1 LIMIT $2[0m  [["key", "environment"], ["LIMIT", 1]]
  ↳ bin/rails:9
  [1m[35m (0.2ms)[0m  [1m[35mBEGIN[0m
  ↳ bin/rails:9
  [1m[36mActiveRecord::InternalMetadata Create (0.7ms)[0m  [1m[32mINSERT INTO "ar_internal_metadata" ("key", "value", "created_at", "updated_at") VALUES ($1, $2, $3, $4) RETURNING "key"[0m  [["key", "environment"], ["value", "development"], ["created_at", "2018-09-14 18:13:01.804434"], ["updated_at", "2018-09-14 18:13:01.804434"]]
  ↳ bin/rails:9
  [1m[35m (0.5ms)[0m  [1m[35mCOMMIT[0m
  ↳ bin/rails:9
  [1m[35m (0.4ms)[0m  [1m[34mSELECT pg_advisory_unlock(3326608677441972405)[0m
  ↳ bin/rails:9
  [1m[35m (1.2ms)[0m  [1m[34mSELECT "schema_migrations"."version" FROM "schema_migrations" ORDER BY "schema_migrations"."version" ASC[0m
  ↳ bin/rails:9
  [1m[35m (2.0ms)[0m  [1m[34mSELECT "schema_migrations"."version" FROM "schema_migrations" ORDER BY "schema_migrations"."version" ASC[0m
  ↳ /usr/local/var/rbenv/versions/2.5.0/bin/annotate:23
  [1m[35m (0.2ms)[0m  [1m[35mBEGIN[0m
  [1m[35m (0.4ms)[0m  [1m[31mROLLBACK[0m
  [1m[35m (0.3ms)[0m  [1m[35mBEGIN[0m
  [1m[36mUser Exists (2.0ms)[0m  [1m[34mSELECT  1 AS one FROM "users" WHERE "users"."session_token" = $1 LIMIT $2[0m  [["session_token", "9zeCEK4fRI2xes9byP7s-Q"], ["LIMIT", 1]]
  [1m[36mUser Exists (0.7ms)[0m  [1m[34mSELECT  1 AS one FROM "users" WHERE "users"."email" = $1 LIMIT $2[0m  [["email", "this@that.com"], ["LIMIT", 1]]
  [1m[36mUser Create (0.9ms)[0m  [1m[32mINSERT INTO "users" ("email", "password_digest", "session_token", "created_at", "updated_at") VALUES ($1, $2, $3, $4, $5) RETURNING "id"[0m  [["email", "this@that.com"], ["password_digest", "$2a$10$e39DKRTReaOT39zp7goOuO/gOoO6gtlSXfs9M6DDEojdkRxMc4dO6"], ["session_token", "9zeCEK4fRI2xes9byP7s-Q"], ["created_at", "2018-09-14 18:21:40.632369"], ["updated_at", "2018-09-14 18:21:40.632369"]]
  [1m[35m (0.6ms)[0m  [1m[35mCOMMIT[0m
  [1m[36mUser Load (0.7ms)[0m  [1m[34mSELECT  "users".* FROM "users" WHERE "users"."email" = $1 LIMIT $2[0m  [["email", "this@that.com"], ["LIMIT", 1]]
  [1m[36mUser Load (0.5ms)[0m  [1m[34mSELECT  "users".* FROM "users" WHERE "users"."email" = $1 LIMIT $2[0m  [["email", "this@that.com"], ["LIMIT", 1]]
Started GET "/users" for 127.0.0.1 at 2018-09-14 14:02:10 -0700
  [1m[35m (1.6ms)[0m  [1m[34mSELECT "schema_migrations"."version" FROM "schema_migrations" ORDER BY "schema_migrations"."version" ASC[0m
  ↳ /usr/local/var/rbenv/versions/2.5.0/lib/ruby/gems/2.5.0/gems/activerecord-5.2.1/lib/active_record/log_subscriber.rb:98
  
AbstractController::ActionNotFound (The action 'index' could not be found for UsersController):
  
actionpack (5.2.1) lib/abstract_controller/base.rb:129:in `process'
actionview (5.2.1) lib/action_view/rendering.rb:32:in `process'
actionpack (5.2.1) lib/action_controller/metal.rb:191:in `dispatch'
actionpack (5.2.1) lib/action_controller/metal.rb:252:in `dispatch'
actionpack (5.2.1) lib/action_dispatch/routing/route_set.rb:52:in `dispatch'
actionpack (5.2.1) lib/action_dispatch/routing/route_set.rb:34:in `serve'
actionpack (5.2.1) lib/action_dispatch/journey/router.rb:52:in `block in serve'
actionpack (5.2.1) lib/action_dispatch/journey/router.rb:35:in `each'
actionpack (5.2.1) lib/action_dispatch/journey/router.rb:35:in `serve'
actionpack (5.2.1) lib/action_dispatch/routing/route_set.rb:840:in `call'
rack (2.0.5) lib/rack/tempfile_reaper.rb:15:in `call'
rack (2.0.5) lib/rack/etag.rb:25:in `call'
rack (2.0.5) lib/rack/conditional_get.rb:25:in `call'
rack (2.0.5) lib/rack/head.rb:12:in `call'
actionpack (5.2.1) lib/action_dispatch/http/content_security_policy.rb:18:in `call'
rack (2.0.5) lib/rack/session/abstract/id.rb:232:in `context'
rack (2.0.5) lib/rack/session/abstract/id.rb:226:in `call'
actionpack (5.2.1) lib/action_dispatch/middleware/cookies.rb:670:in `call'
activerecord (5.2.1) lib/active_record/migration.rb:559:in `call'
actionpack (5.2.1) lib/action_dispatch/middleware/callbacks.rb:28:in `block in call'
activesupport (5.2.1) lib/active_support/callbacks.rb:98:in `run_callbacks'
actionpack (5.2.1) lib/action_dispatch/middleware/callbacks.rb:26:in `call'
actionpack (5.2.1) lib/action_dispatch/middleware/executor.rb:14:in `call'
actionpack (5.2.1) lib/action_dispatch/middleware/debug_exceptions.rb:61:in `call'
web-console (3.7.0) lib/web_console/middleware.rb:135:in `call_app'
web-console (3.7.0) lib/web_console/middleware.rb:30:in `block in call'
web-console (3.7.0) lib/web_console/middleware.rb:20:in `catch'
web-console (3.7.0) lib/web_console/middleware.rb:20:in `call'
actionpack (5.2.1) lib/action_dispatch/middleware/show_exceptions.rb:33:in `call'
railties (5.2.1) lib/rails/rack/logger.rb:38:in `call_app'
railties (5.2.1) lib/rails/rack/logger.rb:26:in `block in call'
activesupport (5.2.1) lib/active_support/tagged_logging.rb:71:in `block in tagged'
activesupport (5.2.1) lib/active_support/tagged_logging.rb:28:in `tagged'
activesupport (5.2.1) lib/active_support/tagged_logging.rb:71:in `tagged'
railties (5.2.1) lib/rails/rack/logger.rb:26:in `call'
sprockets-rails (3.2.1) lib/sprockets/rails/quiet_assets.rb:13:in `call'
actionpack (5.2.1) lib/action_dispatch/middleware/remote_ip.rb:81:in `call'
actionpack (5.2.1) lib/action_dispatch/middleware/request_id.rb:27:in `call'
rack (2.0.5) lib/rack/method_override.rb:22:in `call'
rack (2.0.5) lib/rack/runtime.rb:22:in `call'
activesupport (5.2.1) lib/active_support/cache/strategy/local_cache_middleware.rb:29:in `call'
actionpack (5.2.1) lib/action_dispatch/middleware/executor.rb:14:in `call'
actionpack (5.2.1) lib/action_dispatch/middleware/static.rb:127:in `call'
rack (2.0.5) lib/rack/sendfile.rb:111:in `call'
railties (5.2.1) lib/rails/engine.rb:524:in `call'
puma (3.12.0) lib/puma/configuration.rb:225:in `call'
puma (3.12.0) lib/puma/server.rb:658:in `handle_request'
puma (3.12.0) lib/puma/server.rb:472:in `process_client'
puma (3.12.0) lib/puma/server.rb:332:in `block in run'
puma (3.12.0) lib/puma/thread_pool.rb:133:in `block in spawn_thread'
Started GET "/users" for 127.0.0.1 at 2018-09-14 14:02:14 -0700
  
AbstractController::ActionNotFound (The action 'index' could not be found for UsersController):
  
actionpack (5.2.1) lib/abstract_controller/base.rb:129:in `process'
actionview (5.2.1) lib/action_view/rendering.rb:32:in `process'
actionpack (5.2.1) lib/action_controller/metal.rb:191:in `dispatch'
actionpack (5.2.1) lib/action_controller/metal.rb:252:in `dispatch'
actionpack (5.2.1) lib/action_dispatch/routing/route_set.rb:52:in `dispatch'
actionpack (5.2.1) lib/action_dispatch/routing/route_set.rb:34:in `serve'
actionpack (5.2.1) lib/action_dispatch/journey/router.rb:52:in `block in serve'
actionpack (5.2.1) lib/action_dispatch/journey/router.rb:35:in `each'
actionpack (5.2.1) lib/action_dispatch/journey/router.rb:35:in `serve'
actionpack (5.2.1) lib/action_dispatch/routing/route_set.rb:840:in `call'
rack (2.0.5) lib/rack/tempfile_reaper.rb:15:in `call'
rack (2.0.5) lib/rack/etag.rb:25:in `call'
rack (2.0.5) lib/rack/conditional_get.rb:25:in `call'
rack (2.0.5) lib/rack/head.rb:12:in `call'
actionpack (5.2.1) lib/action_dispatch/http/content_security_policy.rb:18:in `call'
rack (2.0.5) lib/rack/session/abstract/id.rb:232:in `context'
rack (2.0.5) lib/rack/session/abstract/id.rb:226:in `call'
actionpack (5.2.1) lib/action_dispatch/middleware/cookies.rb:670:in `call'
activerecord (5.2.1) lib/active_record/migration.rb:559:in `call'
actionpack (5.2.1) lib/action_dispatch/middleware/callbacks.rb:28:in `block in call'
activesupport (5.2.1) lib/active_support/callbacks.rb:98:in `run_callbacks'
actionpack (5.2.1) lib/action_dispatch/middleware/callbacks.rb:26:in `call'
actionpack (5.2.1) lib/action_dispatch/middleware/executor.rb:14:in `call'
actionpack (5.2.1) lib/action_dispatch/middleware/debug_exceptions.rb:61:in `call'
web-console (3.7.0) lib/web_console/middleware.rb:135:in `call_app'
web-console (3.7.0) lib/web_console/middleware.rb:30:in `block in call'
web-console (3.7.0) lib/web_console/middleware.rb:20:in `catch'
web-console (3.7.0) lib/web_console/middleware.rb:20:in `call'
actionpack (5.2.1) lib/action_dispatch/middleware/show_exceptions.rb:33:in `call'
railties (5.2.1) lib/rails/rack/logger.rb:38:in `call_app'
railties (5.2.1) lib/rails/rack/logger.rb:26:in `block in call'
activesupport (5.2.1) lib/active_support/tagged_logging.rb:71:in `block in tagged'
activesupport (5.2.1) lib/active_support/tagged_logging.rb:28:in `tagged'
activesupport (5.2.1) lib/active_support/tagged_logging.rb:71:in `tagged'
railties (5.2.1) lib/rails/rack/logger.rb:26:in `call'
sprockets-rails (3.2.1) lib/sprockets/rails/quiet_assets.rb:13:in `call'
actionpack (5.2.1) lib/action_dispatch/middleware/remote_ip.rb:81:in `call'
actionpack (5.2.1) lib/action_dispatch/middleware/request_id.rb:27:in `call'
rack (2.0.5) lib/rack/method_override.rb:22:in `call'
rack (2.0.5) lib/rack/runtime.rb:22:in `call'
activesupport (5.2.1) lib/active_support/cache/strategy/local_cache_middleware.rb:29:in `call'
actionpack (5.2.1) lib/action_dispatch/middleware/executor.rb:14:in `call'
actionpack (5.2.1) lib/action_dispatch/middleware/static.rb:127:in `call'
rack (2.0.5) lib/rack/sendfile.rb:111:in `call'
railties (5.2.1) lib/rails/engine.rb:524:in `call'
puma (3.12.0) lib/puma/configuration.rb:225:in `call'
puma (3.12.0) lib/puma/server.rb:658:in `handle_request'
puma (3.12.0) lib/puma/server.rb:472:in `process_client'
puma (3.12.0) lib/puma/server.rb:332:in `block in run'
puma (3.12.0) lib/puma/thread_pool.rb:133:in `block in spawn_thread'
Started GET "/" for 127.0.0.1 at 2018-09-14 14:02:17 -0700
Processing by Rails::WelcomeController#index as HTML
  Rendering /usr/local/var/rbenv/versions/2.5.0/lib/ruby/gems/2.5.0/gems/railties-5.2.1/lib/rails/templates/rails/welcome/index.html.erb
  Rendered /usr/local/var/rbenv/versions/2.5.0/lib/ruby/gems/2.5.0/gems/railties-5.2.1/lib/rails/templates/rails/welcome/index.html.erb (3.0ms)
Completed 200 OK in 35ms (Views: 7.6ms | ActiveRecord: 0.0ms)


Started GET "/users/new" for 127.0.0.1 at 2018-09-14 14:02:24 -0700
Processing by UsersController#new as HTML
  Rendering users/new.html.erb within layouts/application
  Rendered users/_form.html.erb (0.8ms)
  Rendered users/new.html.erb within layouts/application (3.8ms)
Completed 200 OK in 1212ms (Views: 1124.6ms | ActiveRecord: 12.2ms)


Started GET "/users/new" for 127.0.0.1 at 2018-09-14 14:03:01 -0700
Processing by UsersController#new as HTML
  Rendering users/new.html.erb within layouts/application
  Rendered users/_form.html.erb (1.3ms)
  Rendered users/new.html.erb within layouts/application (5.9ms)
Completed 200 OK in 71ms (Views: 53.0ms | ActiveRecord: 0.0ms)


  [1m[36mUser Load (0.7ms)[0m  [1m[34mSELECT  "users".* FROM "users" LIMIT $1[0m  [["LIMIT", 11]]
Started GET "/users/new" for 127.0.0.1 at 2018-09-14 15:10:38 -0700
Processing by UsersController#new as HTML
  Rendering users/new.html.erb within layouts/application
  Rendered users/_form.html.erb (8.0ms)
  Rendered users/new.html.erb within layouts/application (11.6ms)
Completed 500 Internal Server Error in 63ms (ActiveRecord: 10.5ms)


  
ActionView::Template::Error (No route matches {:action=>"show", :controller=>"users", :id=>nil}, missing required keys: [:id]):
    1: <% if type == :signup %>
    2:   <% button_msg = "Sign Up" %>
    3:   <% action_url = user_url(user.id) %>
    4:   <% headed_line_text = "Sign Up for an account, below:" %>
    5: <% elsif type == :edit %>
    6:   <% button_msg = "Edit User" %>
  
app/views/users/_form.html.erb:3:in `_app_views_users__form_html_erb___286052637993970453_70114146488220'
app/views/users/new.html.erb:1:in `_app_views_users_new_html_erb___153171102724585100_70114141501380'
app/controllers/users_controller.rb:4:in `new'
Started GET "/users/new" for 127.0.0.1 at 2018-09-14 15:13:31 -0700
Processing by UsersController#new as HTML
  Rendering users/new.html.erb within layouts/application
  Rendered users/_form.html.erb (0.8ms)
  Rendered users/new.html.erb within layouts/application (3.1ms)
Completed 200 OK in 48ms (Views: 47.4ms | ActiveRecord: 0.0ms)


Started GET "/session/new" for 127.0.0.1 at 2018-09-14 15:20:00 -0700
Processing by SessionsController#new as HTML
  Rendering sessions/new.html.erb within layouts/application
  Rendered users/_form.html.erb (3.3ms)
  Rendered sessions/new.html.erb within layouts/application (5.5ms)
Completed 500 Internal Server Error in 12ms (ActiveRecord: 0.0ms)


  
ActionView::Template::Error (No route matches {:action=>"show", :controller=>"users", :id=>nil}, missing required keys: [:id]):
     8:   <% headed_line_text = "Edit your username or password below:" %>
     9: <% elsif type == :signin %>
    10:   <% button_msg = "Sign In" %>
    11:   <% action_url = user_url(user) %>
    12:   <% headed_line_text = "Sign In below:" %>
    13: <% end %>
    14: 
  
app/views/users/_form.html.erb:11:in `_app_views_users__form_html_erb___286052637993970453_70114106607280'
app/views/sessions/new.html.erb:1:in `_app_views_sessions_new_html_erb___3006060630128002677_70114146046100'
app/controllers/sessions_controller.rb:4:in `new'
Started GET "/session/new" for 127.0.0.1 at 2018-09-14 15:27:55 -0700
Processing by SessionsController#new as HTML
  Rendering sessions/new.html.erb within layouts/application
  Rendered users/_form.html.erb (1.0ms)
  Rendered sessions/new.html.erb within layouts/application (3.3ms)
Completed 200 OK in 60ms (Views: 58.9ms | ActiveRecord: 0.0ms)


  [1m[35m (0.5ms)[0m  [1m[34mSELECT pg_try_advisory_lock(3326608677441972405)[0m
  ↳ bin/rails:9
  [1m[35m (19.1ms)[0m  [1m[34mSELECT "schema_migrations"."version" FROM "schema_migrations" ORDER BY "schema_migrations"."version" ASC[0m
  ↳ bin/rails:9
Migrating to CreateGoals (20180914223938)
  [1m[35m (0.3ms)[0m  [1m[35mBEGIN[0m
  ↳ bin/rails:9
  [1m[35m (40.2ms)[0m  [1m[35mCREATE TABLE "goals" ("id" bigserial primary key, "goal" character varying NOT NULL, "user_id" character varying NOT NULL, "state" character varying NOT NULL, "created_at" timestamp NOT NULL, "updated_at" timestamp NOT NULL)[0m
  ↳ db/migrate/20180914223938_create_goals.rb:3
  [1m[35m (1.4ms)[0m  [1m[35mCREATE  INDEX  "index_goals_on_user_id" ON "goals"  ("user_id")[0m
  ↳ db/migrate/20180914223938_create_goals.rb:10
  [1m[36mActiveRecord::SchemaMigration Create (1.0ms)[0m  [1m[32mINSERT INTO "schema_migrations" ("version") VALUES ($1) RETURNING "version"[0m  [["version", "20180914223938"]]
  ↳ bin/rails:9
  [1m[35m (26.3ms)[0m  [1m[35mCOMMIT[0m
  ↳ bin/rails:9
  [1m[36mActiveRecord::InternalMetadata Load (0.7ms)[0m  [1m[34mSELECT  "ar_internal_metadata".* FROM "ar_internal_metadata" WHERE "ar_internal_metadata"."key" = $1 LIMIT $2[0m  [["key", "environment"], ["LIMIT", 1]]
  ↳ bin/rails:9
  [1m[35m (0.2ms)[0m  [1m[35mBEGIN[0m
  ↳ bin/rails:9
  [1m[35m (0.2ms)[0m  [1m[35mCOMMIT[0m
  ↳ bin/rails:9
  [1m[35m (0.3ms)[0m  [1m[34mSELECT pg_advisory_unlock(3326608677441972405)[0m
  ↳ bin/rails:9
  [1m[35m (1.3ms)[0m  [1m[34mSELECT "schema_migrations"."version" FROM "schema_migrations" ORDER BY "schema_migrations"."version" ASC[0m
  ↳ bin/rails:9
  [1m[35m (1.1ms)[0m  [1m[34mSELECT "schema_migrations"."version" FROM "schema_migrations" ORDER BY "schema_migrations"."version" ASC[0m
  ↳ /usr/local/var/rbenv/versions/2.5.0/bin/annotate:23
  [1m[35m (0.4ms)[0m  [1m[34mSELECT pg_try_advisory_lock(3326608677441972405)[0m
  ↳ bin/rails:9
  [1m[35m (1.1ms)[0m  [1m[34mSELECT "schema_migrations"."version" FROM "schema_migrations" ORDER BY "schema_migrations"."version" ASC[0m
  ↳ bin/rails:9
Migrating to ReplaceGoalTitle (20180914231512)
  [1m[35m (0.3ms)[0m  [1m[35mBEGIN[0m
  ↳ bin/rails:9
  [1m[35m (71.3ms)[0m  [1m[35mALTER TABLE "goals" DROP COLUMN "goal"[0m
  ↳ db/migrate/20180914231512_replace_goal_title.rb:3
  [1m[35m (17.1ms)[0m  [1m[35mALTER TABLE "goals" ADD "title" character varying[0m
  ↳ db/migrate/20180914231512_replace_goal_title.rb:5
  [1m[36mActiveRecord::SchemaMigration Create (0.6ms)[0m  [1m[32mINSERT INTO "schema_migrations" ("version") VALUES ($1) RETURNING "version"[0m  [["version", "20180914231512"]]
  ↳ bin/rails:9
  [1m[35m (13.8ms)[0m  [1m[35mCOMMIT[0m
  ↳ bin/rails:9
  [1m[36mActiveRecord::InternalMetadata Load (0.6ms)[0m  [1m[34mSELECT  "ar_internal_metadata".* FROM "ar_internal_metadata" WHERE "ar_internal_metadata"."key" = $1 LIMIT $2[0m  [["key", "environment"], ["LIMIT", 1]]
  ↳ bin/rails:9
  [1m[35m (0.4ms)[0m  [1m[35mBEGIN[0m
  ↳ bin/rails:9
  [1m[35m (0.2ms)[0m  [1m[35mCOMMIT[0m
  ↳ bin/rails:9
  [1m[35m (0.4ms)[0m  [1m[34mSELECT pg_advisory_unlock(3326608677441972405)[0m
  ↳ bin/rails:9
  [1m[35m (0.6ms)[0m  [1m[34mSELECT "schema_migrations"."version" FROM "schema_migrations" ORDER BY "schema_migrations"."version" ASC[0m
  ↳ bin/rails:9
  [1m[35m (1.0ms)[0m  [1m[34mSELECT "schema_migrations"."version" FROM "schema_migrations" ORDER BY "schema_migrations"."version" ASC[0m
  ↳ /usr/local/var/rbenv/versions/2.5.0/bin/annotate:23
  [1m[36mUser Load (1.1ms)[0m  [1m[34mSELECT  "users".* FROM "users" LIMIT $1[0m  [["LIMIT", 11]]
  [1m[35m (0.2ms)[0m  [1m[35mBEGIN[0m
  [1m[36mUser Load (0.4ms)[0m  [1m[34mSELECT  "users".* FROM "users" WHERE "users"."id" = $1 LIMIT $2[0m  [["id", 1], ["LIMIT", 1]]
  [1m[36mGoal Create (35.1ms)[0m  [1m[32mINSERT INTO "goals" ("user_id", "state", "created_at", "updated_at", "title") VALUES ($1, $2, $3, $4, $5) RETURNING "id"[0m  [["user_id", "1"], ["state", "Object"], ["created_at", "2018-09-14 23:18:35.793801"], ["updated_at", "2018-09-14 23:18:35.793801"], ["title", "be better"]]
  [1m[35m (0.6ms)[0m  [1m[35mCOMMIT[0m
  [1m[36mGoal Load (0.7ms)[0m  [1m[34mSELECT  "goals".* FROM "goals" WHERE "goals"."id" = $1 LIMIT $2[0m  [["id", 1], ["LIMIT", 1]]
  [1m[35m (0.2ms)[0m  [1m[35mBEGIN[0m
  [1m[36mGoal Destroy (0.9ms)[0m  [1m[31mDELETE FROM "goals" WHERE "goals"."id" = $1[0m  [["id", 1]]
  [1m[35m (0.6ms)[0m  [1m[35mCOMMIT[0m
  [1m[35m (0.4ms)[0m  [1m[35mBEGIN[0m
  [1m[36mUser Load (0.6ms)[0m  [1m[34mSELECT  "users".* FROM "users" WHERE "users"."id" = $1 LIMIT $2[0m  [["id", 1], ["LIMIT", 1]]
  [1m[36mGoal Create (0.8ms)[0m  [1m[32mINSERT INTO "goals" ("user_id", "state", "created_at", "updated_at", "title") VALUES ($1, $2, $3, $4, $5) RETURNING "id"[0m  [["user_id", "1"], ["state", "public"], ["created_at", "2018-09-14 23:19:05.489804"], ["updated_at", "2018-09-14 23:19:05.489804"], ["title", "be better"]]
  [1m[35m (0.6ms)[0m  [1m[35mCOMMIT[0m
  [1m[35m (0.4ms)[0m  [1m[35mBEGIN[0m
  [1m[36mUser Load (0.7ms)[0m  [1m[34mSELECT  "users".* FROM "users" WHERE "users"."id" = $1 LIMIT $2[0m  [["id", 1], ["LIMIT", 1]]
  [1m[36mGoal Create (0.8ms)[0m  [1m[32mINSERT INTO "goals" ("user_id", "state", "created_at", "updated_at", "title") VALUES ($1, $2, $3, $4, $5) RETURNING "id"[0m  [["user_id", "1"], ["state", "private"], ["created_at", "2018-09-14 23:19:21.776977"], ["updated_at", "2018-09-14 23:19:21.776977"], ["title", "be better (private)"]]
  [1m[35m (0.6ms)[0m  [1m[35mCOMMIT[0m
  [1m[36mGoal Load (0.7ms)[0m  [1m[34mSELECT  "goals".* FROM "goals" LIMIT $1[0m  [["LIMIT", 11]]
  [1m[36mGoal Load (1.7ms)[0m  [1m[34mSELECT "goals".* FROM "goals"[0m
Started GET "/goals" for 127.0.0.1 at 2018-09-14 16:20:33 -0700
  [1m[35m (1.3ms)[0m  [1m[34mSELECT "schema_migrations"."version" FROM "schema_migrations" ORDER BY "schema_migrations"."version" ASC[0m
  ↳ /usr/local/var/rbenv/versions/2.5.0/lib/ruby/gems/2.5.0/gems/activerecord-5.2.1/lib/active_record/log_subscriber.rb:98
Processing by GoalsController#index as HTML
  Rendering goals/index.html.erb within layouts/application
  Rendered goals/index.html.erb within layouts/application (2.2ms)
Completed 500 Internal Server Error in 37ms (ActiveRecord: 0.0ms)


  
SyntaxError (/Users/appacademy/Desktop/W4D5/GoalApp/app/views/goals/index.html.erb:9: syntax error, unexpected end-of-input, expecting keyword_end
          end
             ^):
  
app/views/goals/index.html.erb:9: syntax error, unexpected end-of-input, expecting keyword_end
app/controllers/goals_controller.rb:4:in `index'
Started GET "/goals" for 127.0.0.1 at 2018-09-14 16:21:42 -0700
Processing by GoalsController#index as HTML
  Rendering goals/index.html.erb within layouts/application
  [1m[36mGoal Load (1.0ms)[0m  [1m[34mSELECT "goals".* FROM "goals"[0m
  ↳ app/views/goals/index.html.erb:3
  Rendered goals/index.html.erb within layouts/application (54.9ms)
Completed 200 OK in 140ms (Views: 129.4ms | ActiveRecord: 10.2ms)


Started GET "/goals" for 127.0.0.1 at 2018-09-14 16:21:53 -0700
Processing by GoalsController#index as HTML
  Rendering goals/index.html.erb within layouts/application
  [1m[36mGoal Load (0.5ms)[0m  [1m[34mSELECT "goals".* FROM "goals"[0m
  ↳ app/views/goals/index.html.erb:3
  Rendered goals/index.html.erb within layouts/application (1.9ms)
Completed 200 OK in 22ms (Views: 21.2ms | ActiveRecord: 0.5ms)


Started GET "/goals/new" for 127.0.0.1 at 2018-09-14 16:37:18 -0700
Processing by GoalsController#new as HTML
  Rendering goals/new.html.erb within layouts/application
  [1m[36mGoal Load (1.3ms)[0m  [1m[34mSELECT  "goals".* FROM "goals" LIMIT $1[0m  [["LIMIT", 11]]
  ↳ app/views/goals/new.html.erb:1
  Rendered goals/_form.html.erb (39.8ms)
  Rendered goals/new.html.erb within layouts/application (43.6ms)
Completed 500 Internal Server Error in 156ms (ActiveRecord: 12.8ms)


  
ActionView::Template::Error (undefined method `email' for #<Goal::ActiveRecord_Relation:0x00007f8971980ab0>):
    17:   <% end %>
    18:   
    19:   <label for="title">Title:</label>
    20:   <input type="text" id='title' name="goal[title]" value="<%= goal.email %>">
    21:   <br>
    22:   
    23:   <label for=""></label>
  
app/views/goals/_form.html.erb:20:in `_app_views_goals__form_html_erb__4496068456602497212_70114146491040'
app/views/goals/new.html.erb:1:in `_app_views_goals_new_html_erb___466305029100944505_70114149943440'
app/controllers/goals_controller.rb:9:in `new'
Started GET "/goals/new" for 127.0.0.1 at 2018-09-14 16:37:36 -0700
Processing by GoalsController#new as HTML
  Rendering goals/new.html.erb within layouts/application
  [1m[36mGoal Load (0.7ms)[0m  [1m[34mSELECT  "goals".* FROM "goals" LIMIT $1[0m  [["LIMIT", 11]]
  ↳ app/views/goals/new.html.erb:1
  Rendered goals/_form.html.erb (9.8ms)
  Rendered goals/new.html.erb within layouts/application (13.0ms)
Completed 500 Internal Server Error in 22ms (ActiveRecord: 0.7ms)


  
ActionView::Template::Error (undefined method `title' for #<Goal::ActiveRecord_Relation:0x00007f896f6ae578>):
    17:   <% end %>
    18:   
    19:   <label for="title">Title:</label>
    20:   <input type="text" id='title' name="goal[title]" value="<%= goal.title %>">
    21:   <br>
    22:   
    23:   <label for=""></label>
  
app/views/goals/_form.html.erb:20:in `_app_views_goals__form_html_erb__4496068456602497212_70114128223420'
app/views/goals/new.html.erb:1:in `_app_views_goals_new_html_erb___466305029100944505_70114128258700'
app/controllers/goals_controller.rb:9:in `new'
Started GET "/goals" for 127.0.0.1 at 2018-09-14 16:38:02 -0700
Processing by GoalsController#index as HTML
  Rendering goals/index.html.erb within layouts/application
  [1m[36mGoal Load (0.6ms)[0m  [1m[34mSELECT "goals".* FROM "goals"[0m
  ↳ app/views/goals/index.html.erb:3
  Rendered goals/index.html.erb within layouts/application (2.4ms)
Completed 200 OK in 171ms (Views: 169.2ms | ActiveRecord: 0.6ms)


Started GET "/goals/new" for 127.0.0.1 at 2018-09-14 16:38:05 -0700
Processing by GoalsController#new as HTML
  Rendering goals/new.html.erb within layouts/application
  [1m[36mGoal Load (0.5ms)[0m  [1m[34mSELECT  "goals".* FROM "goals" LIMIT $1[0m  [["LIMIT", 11]]
  ↳ app/views/goals/new.html.erb:1
  Rendered goals/_form.html.erb (8.2ms)
  Rendered goals/new.html.erb within layouts/application (10.9ms)
Completed 500 Internal Server Error in 18ms (ActiveRecord: 0.5ms)


  
ActionView::Template::Error (undefined method `title' for #<Goal::ActiveRecord_Relation:0x00007f896b49e2f0>):
    17:   <% end %>
    18:   
    19:   <label for="title">Title:</label>
    20:   <input type="text" id='title' name="goal[title]" value="<%= goal.title %>">
    21:   <br>
    22:   
    23:   <label for=""></label>
  
app/views/goals/_form.html.erb:20:in `_app_views_goals__form_html_erb__4496068456602497212_70114140148780'
app/views/goals/new.html.erb:1:in `_app_views_goals_new_html_erb___466305029100944505_70114140182180'
app/controllers/goals_controller.rb:9:in `new'
Started GET "/goals/new" for 127.0.0.1 at 2018-09-14 16:39:22 -0700
  [1m[35m (33.6ms)[0m  [1m[34mSELECT "schema_migrations"."version" FROM "schema_migrations" ORDER BY "schema_migrations"."version" ASC[0m
  ↳ /usr/local/var/rbenv/versions/2.5.0/lib/ruby/gems/2.5.0/gems/activerecord-5.2.1/lib/active_record/log_subscriber.rb:98
Processing by GoalsController#new as HTML
  Rendering goals/new.html.erb within layouts/application
  [1m[36mGoal Load (0.7ms)[0m  [1m[34mSELECT  "goals".* FROM "goals" LIMIT $1[0m  [["LIMIT", 11]]
  ↳ app/views/goals/new.html.erb:1
  Rendered goals/_form.html.erb (39.9ms)
  Rendered goals/new.html.erb within layouts/application (52.6ms)
Completed 500 Internal Server Error in 146ms (ActiveRecord: 9.4ms)


  [1m[36mGoal Load (0.5ms)[0m  [1m[34mSELECT  "goals".* FROM "goals" LIMIT $1[0m  [["LIMIT", 11]]
  ↳ /usr/local/var/rbenv/versions/2.5.0/lib/ruby/gems/2.5.0/gems/activerecord-5.2.1/lib/active_record/log_subscriber.rb:98

NoMethodError - undefined method `title' for #<Goal::ActiveRecord_Relation:0x00007fef20e824b8>:
  app/views/goals/_form.html.erb:20:in `_app_views_goals__form_html_erb__1104479411154185301_70332512764640'
  app/views/goals/new.html.erb:1:in `_app_views_goals_new_html_erb__3849785422961972398_70332512874920'
  app/controllers/goals_controller.rb:9:in `new'

Started POST "/__better_errors/d02dd998f1a779f4/variables" for 127.0.0.1 at 2018-09-14 16:39:23 -0700
  [1m[36mGoal Load (1.5ms)[0m  [1m[34mSELECT  "goals".* FROM "goals" LIMIT $1[0m  [["LIMIT", 11]]
  ↳ /usr/local/var/rbenv/versions/2.5.0/lib/ruby/gems/2.5.0/gems/activerecord-5.2.1/lib/active_record/log_subscriber.rb:98
  [1m[36mCACHE Goal Load (0.0ms)[0m  [1m[34mSELECT  "goals".* FROM "goals" LIMIT $1[0m  [["LIMIT", 11]]
  ↳ /usr/local/var/rbenv/versions/2.5.0/lib/ruby/gems/2.5.0/gems/activerecord-5.2.1/lib/active_record/log_subscriber.rb:98
  [1m[36mCACHE Goal Load (0.0ms)[0m  [1m[34mSELECT  "goals".* FROM "goals" LIMIT $1[0m  [["LIMIT", 11]]
  ↳ /usr/local/var/rbenv/versions/2.5.0/lib/ruby/gems/2.5.0/gems/activerecord-5.2.1/lib/active_record/log_subscriber.rb:98
  [1m[36mCACHE Goal Load (0.0ms)[0m  [1m[34mSELECT  "goals".* FROM "goals" LIMIT $1[0m  [["LIMIT", 11]]
  ↳ /usr/local/var/rbenv/versions/2.5.0/lib/ruby/gems/2.5.0/gems/activerecord-5.2.1/lib/active_record/log_subscriber.rb:98
  [1m[36mCACHE Goal Load (0.0ms)[0m  [1m[34mSELECT  "goals".* FROM "goals" LIMIT $1[0m  [["LIMIT", 11]]
  ↳ /usr/local/var/rbenv/versions/2.5.0/lib/ruby/gems/2.5.0/gems/activerecord-5.2.1/lib/active_record/log_subscriber.rb:98
  [1m[36mCACHE Goal Load (0.0ms)[0m  [1m[34mSELECT  "goals".* FROM "goals" LIMIT $1[0m  [["LIMIT", 11]]
  ↳ /usr/local/var/rbenv/versions/2.5.0/lib/ruby/gems/2.5.0/gems/activerecord-5.2.1/lib/active_record/log_subscriber.rb:98
  [1m[36mCACHE Goal Load (0.0ms)[0m  [1m[34mSELECT  "goals".* FROM "goals" LIMIT $1[0m  [["LIMIT", 11]]
  ↳ /usr/local/var/rbenv/versions/2.5.0/lib/ruby/gems/2.5.0/gems/activerecord-5.2.1/lib/active_record/log_subscriber.rb:98
  [1m[36mCACHE Goal Load (0.0ms)[0m  [1m[34mSELECT  "goals".* FROM "goals" LIMIT $1[0m  [["LIMIT", 11]]
  ↳ /usr/local/var/rbenv/versions/2.5.0/lib/ruby/gems/2.5.0/gems/activerecord-5.2.1/lib/active_record/log_subscriber.rb:98
  [1m[36mCACHE Goal Load (0.0ms)[0m  [1m[34mSELECT  "goals".* FROM "goals" LIMIT $1[0m  [["LIMIT", 11]]
  ↳ /usr/local/var/rbenv/versions/2.5.0/lib/ruby/gems/2.5.0/gems/activerecord-5.2.1/lib/active_record/log_subscriber.rb:98
  [1m[36mCACHE Goal Load (0.1ms)[0m  [1m[34mSELECT  "goals".* FROM "goals" LIMIT $1[0m  [["LIMIT", 11]]
  ↳ /usr/local/var/rbenv/versions/2.5.0/lib/ruby/gems/2.5.0/gems/activerecord-5.2.1/lib/active_record/log_subscriber.rb:98
  [1m[36mCACHE Goal Load (0.0ms)[0m  [1m[34mSELECT  "goals".* FROM "goals" LIMIT $1[0m  [["LIMIT", 11]]
  ↳ /usr/local/var/rbenv/versions/2.5.0/lib/ruby/gems/2.5.0/gems/activerecord-5.2.1/lib/active_record/log_subscriber.rb:98
  [1m[36mCACHE Goal Load (0.0ms)[0m  [1m[34mSELECT  "goals".* FROM "goals" LIMIT $1[0m  [["LIMIT", 11]]
  ↳ /usr/local/var/rbenv/versions/2.5.0/lib/ruby/gems/2.5.0/gems/activerecord-5.2.1/lib/active_record/log_subscriber.rb:98
  [1m[36mCACHE Goal Load (0.0ms)[0m  [1m[34mSELECT  "goals".* FROM "goals" LIMIT $1[0m  [["LIMIT", 11]]
  ↳ /usr/local/var/rbenv/versions/2.5.0/lib/ruby/gems/2.5.0/gems/activerecord-5.2.1/lib/active_record/log_subscriber.rb:98
  [1m[36mCACHE Goal Load (0.0ms)[0m  [1m[34mSELECT  "goals".* FROM "goals" LIMIT $1[0m  [["LIMIT", 11]]
  ↳ /usr/local/var/rbenv/versions/2.5.0/lib/ruby/gems/2.5.0/gems/activerecord-5.2.1/lib/active_record/log_subscriber.rb:98
  [1m[36mCACHE Goal Load (0.0ms)[0m  [1m[34mSELECT  "goals".* FROM "goals" LIMIT $1[0m  [["LIMIT", 11]]
  ↳ /usr/local/var/rbenv/versions/2.5.0/lib/ruby/gems/2.5.0/gems/activerecord-5.2.1/lib/active_record/log_subscriber.rb:98
Started POST "/__better_errors/d02dd998f1a779f4/eval" for 127.0.0.1 at 2018-09-14 16:39:29 -0700
  [1m[36mGoal Load (0.4ms)[0m  [1m[34mSELECT  "goals".* FROM "goals" LIMIT $1[0m  [["LIMIT", 11]]
  ↳ /usr/local/var/rbenv/versions/2.5.0/lib/ruby/gems/2.5.0/gems/activerecord-5.2.1/lib/active_record/log_subscriber.rb:98
Started GET "/goals/new" for 127.0.0.1 at 2018-09-14 16:40:05 -0700
Processing by GoalsController#new as HTML
  Rendering goals/new.html.erb within layouts/application
  [1m[36mUser Load (1.0ms)[0m  [1m[34mSELECT "users".* FROM "users"[0m
  ↳ app/views/goals/_form.html.erb:25
  Rendered goals/_form.html.erb (34.9ms)
  Rendered goals/new.html.erb within layouts/application (38.4ms)
Completed 500 Internal Server Error in 120ms (ActiveRecord: 21.4ms)



NoMethodError - undefined method `states' for #<Class:0x00007fef24b918b8>:
  app/views/goals/_form.html.erb:33:in `_app_views_goals__form_html_erb__1104479411154185301_70332516582300'
  app/views/goals/new.html.erb:1:in `_app_views_goals_new_html_erb__3849785422961972398_70332545032620'
  app/controllers/goals_controller.rb:9:in `new'

Started POST "/__better_errors/dd825f6b3a41a995/variables" for 127.0.0.1 at 2018-09-14 16:40:15 -0700
Started GET "/goals/new" for 127.0.0.1 at 2018-09-14 16:40:39 -0700
Processing by GoalsController#new as HTML
  Rendering goals/new.html.erb within layouts/application
  [1m[36mUser Load (0.6ms)[0m  [1m[34mSELECT "users".* FROM "users"[0m
  ↳ app/views/goals/_form.html.erb:25
  Rendered goals/_form.html.erb (36.7ms)
  Rendered goals/new.html.erb within layouts/application (40.7ms)
Completed 200 OK in 399ms (Views: 338.6ms | ActiveRecord: 14.8ms)


Started GET "/users" for 127.0.0.1 at 2018-09-14 16:40:49 -0700
Processing by UsersController#index as HTML
  Rendering users/index.html.erb within layouts/application
  [1m[36mUser Load (0.5ms)[0m  [1m[34mSELECT "users".* FROM "users"[0m
  ↳ app/views/users/index.html.erb:1
  Rendered users/index.html.erb within layouts/application (1.8ms)
Completed 200 OK in 33ms (Views: 32.0ms | ActiveRecord: 0.5ms)


Started GET "/goals/new" for 127.0.0.1 at 2018-09-14 16:41:01 -0700
Processing by GoalsController#new as HTML
  Rendering goals/new.html.erb within layouts/application
  [1m[36mUser Load (0.5ms)[0m  [1m[34mSELECT "users".* FROM "users"[0m
  ↳ app/views/goals/_form.html.erb:25
  Rendered goals/_form.html.erb (2.6ms)
  Rendered goals/new.html.erb within layouts/application (6.3ms)
Completed 200 OK in 26ms (Views: 24.6ms | ActiveRecord: 0.5ms)


Started GET "/goals/new" for 127.0.0.1 at 2018-09-14 16:41:28 -0700
Processing by GoalsController#new as HTML
  Rendering goals/new.html.erb within layouts/application
  [1m[36mUser Load (0.5ms)[0m  [1m[34mSELECT "users".* FROM "users"[0m
  ↳ app/views/goals/_form.html.erb:25
  Rendered goals/_form.html.erb (2.1ms)
  Rendered goals/new.html.erb within layouts/application (4.2ms)
Completed 200 OK in 24ms (Views: 23.0ms | ActiveRecord: 0.5ms)


Started GET "/goals/new" for 127.0.0.1 at 2018-09-14 16:41:50 -0700
Processing by GoalsController#new as HTML
  Rendering goals/new.html.erb within layouts/application
  [1m[36mUser Load (0.5ms)[0m  [1m[34mSELECT "users".* FROM "users"[0m
  ↳ app/views/goals/_form.html.erb:25
  Rendered goals/_form.html.erb (2.4ms)
  Rendered goals/new.html.erb within layouts/application (5.4ms)
Completed 200 OK in 61ms (Views: 59.9ms | ActiveRecord: 0.5ms)


Started GET "/goals" for 127.0.0.1 at 2018-09-14 16:41:58 -0700
Processing by GoalsController#index as HTML
  Rendering goals/index.html.erb within layouts/application
  [1m[36mGoal Load (1.3ms)[0m  [1m[34mSELECT "goals".* FROM "goals"[0m
  ↳ app/views/goals/index.html.erb:3
  Rendered goals/index.html.erb within layouts/application (2.9ms)
Completed 200 OK in 67ms (Views: 64.9ms | ActiveRecord: 1.3ms)


Started GET "/goals" for 127.0.0.1 at 2018-09-14 16:44:22 -0700
Processing by GoalsController#index as HTML
  Rendering goals/index.html.erb within layouts/application
  [1m[36mGoal Load (1.1ms)[0m  [1m[34mSELECT "goals".* FROM "goals"[0m
  ↳ app/views/goals/index.html.erb:3
  Rendered goals/index.html.erb within layouts/application (17.2ms)
Completed 200 OK in 183ms (Views: 117.3ms | ActiveRecord: 7.1ms)


Started GET "/goals" for 127.0.0.1 at 2018-09-14 16:45:17 -0700
Processing by GoalsController#index as HTML
  Rendering goals/index.html.erb within layouts/application
  [1m[36mGoal Load (0.6ms)[0m  [1m[34mSELECT  "goals".* FROM "goals" LIMIT $1[0m  [["LIMIT", 11]]
  ↳ app/controllers/goals_controller.rb:4
  [1m[36mCACHE Goal Load (0.0ms)[0m  [1m[34mSELECT  "goals".* FROM "goals" LIMIT $1[0m  [["LIMIT", 11]]
  ↳ app/controllers/goals_controller.rb:4
  [1m[36mCACHE Goal Load (0.0ms)[0m  [1m[34mSELECT  "goals".* FROM "goals" LIMIT $1[0m  [["LIMIT", 11]]
  ↳ app/controllers/goals_controller.rb:4
  [1m[36mCACHE Goal Load (0.1ms)[0m  [1m[34mSELECT  "goals".* FROM "goals" LIMIT $1[0m  [["LIMIT", 11]]
  ↳ app/controllers/goals_controller.rb:4
  [1m[36mCACHE Goal Load (0.0ms)[0m  [1m[34mSELECT  "goals".* FROM "goals" LIMIT $1[0m  [["LIMIT", 11]]
  ↳ app/controllers/goals_controller.rb:4
  [1m[36mCACHE Goal Load (0.0ms)[0m  [1m[34mSELECT  "goals".* FROM "goals" LIMIT $1[0m  [["LIMIT", 11]]
  ↳ app/controllers/goals_controller.rb:4
  [1m[36mCACHE Goal Load (0.0ms)[0m  [1m[34mSELECT  "goals".* FROM "goals" LIMIT $1[0m  [["LIMIT", 11]]
  ↳ app/controllers/goals_controller.rb:4
  [1m[36mCACHE Goal Load (0.0ms)[0m  [1m[34mSELECT  "goals".* FROM "goals" LIMIT $1[0m  [["LIMIT", 11]]
  ↳ app/controllers/goals_controller.rb:4
  Rendered goals/index.html.erb within layouts/application (624.2ms)
Completed 500 Internal Server Error in 652ms (ActiveRecord: 0.8ms)


  [1m[36mCACHE Goal Load (0.0ms)[0m  [1m[34mSELECT  "goals".* FROM "goals" LIMIT $1[0m  [["LIMIT", 11]]
  ↳ /usr/local/var/rbenv/versions/2.5.0/lib/ruby/gems/2.5.0/gems/activerecord-5.2.1/lib/active_record/log_subscriber.rb:98
  [1m[36mCACHE Goal Load (0.0ms)[0m  [1m[34mSELECT  "goals".* FROM "goals" LIMIT $1[0m  [["LIMIT", 11]]
  ↳ /usr/local/var/rbenv/versions/2.5.0/lib/ruby/gems/2.5.0/gems/activerecord-5.2.1/lib/active_record/log_subscriber.rb:98
  [1m[36mCACHE Goal Load (0.0ms)[0m  [1m[34mSELECT  "goals".* FROM "goals" LIMIT $1[0m  [["LIMIT", 11]]
  ↳ /usr/local/var/rbenv/versions/2.5.0/lib/ruby/gems/2.5.0/gems/activerecord-5.2.1/lib/active_record/log_subscriber.rb:98
  [1m[36mCACHE Goal Load (0.0ms)[0m  [1m[34mSELECT  "goals".* FROM "goals" LIMIT $1[0m  [["LIMIT", 11]]
  ↳ /usr/local/var/rbenv/versions/2.5.0/lib/ruby/gems/2.5.0/gems/activerecord-5.2.1/lib/active_record/log_subscriber.rb:98

NameError - undefined local variable or method `new_goal' for #<#<Class:0x00007fef264811e8>:0x00007fef27335400>
Did you mean?  new_goal_url:
  app/views/goals/index.html.erb:3:in `_app_views_goals_index_html_erb___1511575091707113260_70332565790820'
  app/controllers/goals_controller.rb:4:in `index'

Started POST "/__better_errors/072f4a6ea4e78d99/variables" for 127.0.0.1 at 2018-09-14 16:45:18 -0700
  [1m[36mGoal Load (0.5ms)[0m  [1m[34mSELECT  "goals".* FROM "goals" LIMIT $1[0m  [["LIMIT", 11]]
  ↳ /usr/local/var/rbenv/versions/2.5.0/lib/ruby/gems/2.5.0/gems/activerecord-5.2.1/lib/active_record/log_subscriber.rb:98
  [1m[36mCACHE Goal Load (0.0ms)[0m  [1m[34mSELECT  "goals".* FROM "goals" LIMIT $1[0m  [["LIMIT", 11]]
  ↳ /usr/local/var/rbenv/versions/2.5.0/lib/ruby/gems/2.5.0/gems/activerecord-5.2.1/lib/active_record/log_subscriber.rb:98
  [1m[36mCACHE Goal Load (0.0ms)[0m  [1m[34mSELECT  "goals".* FROM "goals" LIMIT $1[0m  [["LIMIT", 11]]
  ↳ /usr/local/var/rbenv/versions/2.5.0/lib/ruby/gems/2.5.0/gems/activerecord-5.2.1/lib/active_record/log_subscriber.rb:98
  [1m[36mCACHE Goal Load (0.0ms)[0m  [1m[34mSELECT  "goals".* FROM "goals" LIMIT $1[0m  [["LIMIT", 11]]
  ↳ /usr/local/var/rbenv/versions/2.5.0/lib/ruby/gems/2.5.0/gems/activerecord-5.2.1/lib/active_record/log_subscriber.rb:98
  [1m[36mCACHE Goal Load (0.0ms)[0m  [1m[34mSELECT  "goals".* FROM "goals" LIMIT $1[0m  [["LIMIT", 11]]
  ↳ /usr/local/var/rbenv/versions/2.5.0/lib/ruby/gems/2.5.0/gems/activerecord-5.2.1/lib/active_record/log_subscriber.rb:98
  [1m[36mCACHE Goal Load (0.0ms)[0m  [1m[34mSELECT  "goals".* FROM "goals" LIMIT $1[0m  [["LIMIT", 11]]
  ↳ /usr/local/var/rbenv/versions/2.5.0/lib/ruby/gems/2.5.0/gems/activerecord-5.2.1/lib/active_record/log_subscriber.rb:98
  [1m[36mCACHE Goal Load (0.0ms)[0m  [1m[34mSELECT  "goals".* FROM "goals" LIMIT $1[0m  [["LIMIT", 11]]
  ↳ /usr/local/var/rbenv/versions/2.5.0/lib/ruby/gems/2.5.0/gems/activerecord-5.2.1/lib/active_record/log_subscriber.rb:98
  [1m[36mCACHE Goal Load (0.0ms)[0m  [1m[34mSELECT  "goals".* FROM "goals" LIMIT $1[0m  [["LIMIT", 11]]
  ↳ /usr/local/var/rbenv/versions/2.5.0/lib/ruby/gems/2.5.0/gems/activerecord-5.2.1/lib/active_record/log_subscriber.rb:98
  [1m[36mCACHE Goal Load (0.0ms)[0m  [1m[34mSELECT  "goals".* FROM "goals" LIMIT $1[0m  [["LIMIT", 11]]
  ↳ /usr/local/var/rbenv/versions/2.5.0/lib/ruby/gems/2.5.0/gems/activerecord-5.2.1/lib/active_record/log_subscriber.rb:98
  [1m[36mCACHE Goal Load (0.0ms)[0m  [1m[34mSELECT  "goals".* FROM "goals" LIMIT $1[0m  [["LIMIT", 11]]
  ↳ /usr/local/var/rbenv/versions/2.5.0/lib/ruby/gems/2.5.0/gems/activerecord-5.2.1/lib/active_record/log_subscriber.rb:98
  [1m[36mCACHE Goal Load (0.0ms)[0m  [1m[34mSELECT  "goals".* FROM "goals" LIMIT $1[0m  [["LIMIT", 11]]
  ↳ /usr/local/var/rbenv/versions/2.5.0/lib/ruby/gems/2.5.0/gems/activerecord-5.2.1/lib/active_record/log_subscriber.rb:98
  [1m[36mCACHE Goal Load (0.0ms)[0m  [1m[34mSELECT  "goals".* FROM "goals" LIMIT $1[0m  [["LIMIT", 11]]
  ↳ /usr/local/var/rbenv/versions/2.5.0/lib/ruby/gems/2.5.0/gems/activerecord-5.2.1/lib/active_record/log_subscriber.rb:98
  [1m[36mCACHE Goal Load (0.0ms)[0m  [1m[34mSELECT  "goals".* FROM "goals" LIMIT $1[0m  [["LIMIT", 11]]
  ↳ /usr/local/var/rbenv/versions/2.5.0/lib/ruby/gems/2.5.0/gems/activerecord-5.2.1/lib/active_record/log_subscriber.rb:98
  [1m[36mCACHE Goal Load (0.0ms)[0m  [1m[34mSELECT  "goals".* FROM "goals" LIMIT $1[0m  [["LIMIT", 11]]
  ↳ /usr/local/var/rbenv/versions/2.5.0/lib/ruby/gems/2.5.0/gems/activerecord-5.2.1/lib/active_record/log_subscriber.rb:98
  [1m[36mCACHE Goal Load (0.0ms)[0m  [1m[34mSELECT  "goals".* FROM "goals" LIMIT $1[0m  [["LIMIT", 11]]
  ↳ /usr/local/var/rbenv/versions/2.5.0/lib/ruby/gems/2.5.0/gems/activerecord-5.2.1/lib/active_record/log_subscriber.rb:98
  [1m[36mCACHE Goal Load (0.0ms)[0m  [1m[34mSELECT  "goals".* FROM "goals" LIMIT $1[0m  [["LIMIT", 11]]
  ↳ /usr/local/var/rbenv/versions/2.5.0/lib/ruby/gems/2.5.0/gems/activerecord-5.2.1/lib/active_record/log_subscriber.rb:98
  [1m[36mCACHE Goal Load (0.0ms)[0m  [1m[34mSELECT  "goals".* FROM "goals" LIMIT $1[0m  [["LIMIT", 11]]
  ↳ /usr/local/var/rbenv/versions/2.5.0/lib/ruby/gems/2.5.0/gems/activerecord-5.2.1/lib/active_record/log_subscriber.rb:98
  [1m[36mCACHE Goal Load (0.1ms)[0m  [1m[34mSELECT  "goals".* FROM "goals" LIMIT $1[0m  [["LIMIT", 11]]
  ↳ /usr/local/var/rbenv/versions/2.5.0/lib/ruby/gems/2.5.0/gems/activerecord-5.2.1/lib/active_record/log_subscriber.rb:98
  [1m[36mCACHE Goal Load (0.1ms)[0m  [1m[34mSELECT  "goals".* FROM "goals" LIMIT $1[0m  [["LIMIT", 11]]
  ↳ /usr/local/var/rbenv/versions/2.5.0/lib/ruby/gems/2.5.0/gems/activerecord-5.2.1/lib/active_record/log_subscriber.rb:98
  [1m[36mCACHE Goal Load (0.0ms)[0m  [1m[34mSELECT  "goals".* FROM "goals" LIMIT $1[0m  [["LIMIT", 11]]
  ↳ /usr/local/var/rbenv/versions/2.5.0/lib/ruby/gems/2.5.0/gems/activerecord-5.2.1/lib/active_record/log_subscriber.rb:98
  [1m[36mCACHE Goal Load (0.0ms)[0m  [1m[34mSELECT  "goals".* FROM "goals" LIMIT $1[0m  [["LIMIT", 11]]
  ↳ /usr/local/var/rbenv/versions/2.5.0/lib/ruby/gems/2.5.0/gems/activerecord-5.2.1/lib/active_record/log_subscriber.rb:98
  [1m[36mCACHE Goal Load (0.0ms)[0m  [1m[34mSELECT  "goals".* FROM "goals" LIMIT $1[0m  [["LIMIT", 11]]
  ↳ /usr/local/var/rbenv/versions/2.5.0/lib/ruby/gems/2.5.0/gems/activerecord-5.2.1/lib/active_record/log_subscriber.rb:98
  [1m[36mCACHE Goal Load (0.0ms)[0m  [1m[34mSELECT  "goals".* FROM "goals" LIMIT $1[0m  [["LIMIT", 11]]
  ↳ /usr/local/var/rbenv/versions/2.5.0/lib/ruby/gems/2.5.0/gems/activerecord-5.2.1/lib/active_record/log_subscriber.rb:98
  [1m[36mCACHE Goal Load (0.0ms)[0m  [1m[34mSELECT  "goals".* FROM "goals" LIMIT $1[0m  [["LIMIT", 11]]
  ↳ /usr/local/var/rbenv/versions/2.5.0/lib/ruby/gems/2.5.0/gems/activerecord-5.2.1/lib/active_record/log_subscriber.rb:98
  [1m[36mCACHE Goal Load (0.0ms)[0m  [1m[34mSELECT  "goals".* FROM "goals" LIMIT $1[0m  [["LIMIT", 11]]
  ↳ /usr/local/var/rbenv/versions/2.5.0/lib/ruby/gems/2.5.0/gems/activerecord-5.2.1/lib/active_record/log_subscriber.rb:98
Started GET "/goals" for 127.0.0.1 at 2018-09-14 16:45:27 -0700
Processing by GoalsController#index as HTML
  Rendering goals/index.html.erb within layouts/application
  [1m[36mGoal Load (0.7ms)[0m  [1m[34mSELECT "goals".* FROM "goals"[0m
  ↳ app/views/goals/index.html.erb:5
  Rendered goals/index.html.erb within layouts/application (3.4ms)
Completed 200 OK in 79ms (Views: 77.8ms | ActiveRecord: 0.7ms)


Started GET "/goals" for 127.0.0.1 at 2018-09-14 16:45:32 -0700
Processing by GoalsController#index as HTML
  Rendering goals/index.html.erb within layouts/application
  [1m[36mGoal Load (0.5ms)[0m  [1m[34mSELECT "goals".* FROM "goals"[0m
  ↳ app/views/goals/index.html.erb:5
  Rendered goals/index.html.erb within layouts/application (3.3ms)
Completed 200 OK in 36ms (Views: 34.6ms | ActiveRecord: 0.5ms)


Started DELETE "/goals/2" for 127.0.0.1 at 2018-09-14 16:45:36 -0700

AbstractController::ActionNotFound - The action 'destroy' could not be found for GoalsController:

Started POST "/__better_errors/f75ad714f20dda5c/variables" for 127.0.0.1 at 2018-09-14 16:45:36 -0700
Started GET "/goals" for 127.0.0.1 at 2018-09-14 16:48:49 -0700
Processing by GoalsController#index as HTML
  Rendering goals/index.html.erb within layouts/application
  [1m[36mGoal Load (0.5ms)[0m  [1m[34mSELECT "goals".* FROM "goals"[0m
  ↳ app/views/goals/index.html.erb:5
  Rendered goals/index.html.erb within layouts/application (18.2ms)
Completed 200 OK in 151ms (Views: 113.7ms | ActiveRecord: 8.1ms)


Started GET "/goals/new" for 127.0.0.1 at 2018-09-14 16:48:51 -0700
Processing by GoalsController#new as HTML
  Rendering goals/new.html.erb within layouts/application
  [1m[36mUser Load (1.2ms)[0m  [1m[34mSELECT "users".* FROM "users"[0m
  ↳ app/views/goals/_form.html.erb:25
  Rendered goals/_form.html.erb (65.4ms)
  Rendered goals/new.html.erb within layouts/application (69.3ms)
Completed 200 OK in 96ms (Views: 89.0ms | ActiveRecord: 6.2ms)


Started POST "/goals" for 127.0.0.1 at 2018-09-14 16:48:57 -0700
Processing by GoalsController#create as HTML
  Parameters: {"goal"=>{"title"=>"do better things", "user_id"=>"1", "state"=>"public"}, "submit"=>"Create new goal"}
Can't verify CSRF token authenticity.
Completed 422 Unprocessable Entity in 1ms (ActiveRecord: 0.0ms)



ActionController::InvalidAuthenticityToken - ActionController::InvalidAuthenticityToken:

Started POST "/__better_errors/515018b0eb3abe39/variables" for 127.0.0.1 at 2018-09-14 16:48:57 -0700
Started POST "/goals" for 127.0.0.1 at 2018-09-14 16:49:19 -0700
Processing by GoalsController#create as HTML
  Parameters: {"goal"=>{"title"=>"do better things", "user_id"=>"1", "state"=>"public"}, "submit"=>"Create new goal"}
Can't verify CSRF token authenticity.
Completed 422 Unprocessable Entity in 1ms (ActiveRecord: 0.0ms)



ActionController::InvalidAuthenticityToken - ActionController::InvalidAuthenticityToken:

Started POST "/__better_errors/85c31c002179fc60/variables" for 127.0.0.1 at 2018-09-14 16:49:20 -0700
Started GET "/goals/new" for 127.0.0.1 at 2018-09-14 16:49:24 -0700
Processing by GoalsController#new as HTML
  Rendering goals/new.html.erb within layouts/application
  [1m[36mUser Load (0.6ms)[0m  [1m[34mSELECT "users".* FROM "users"[0m
  ↳ app/views/goals/_form.html.erb:26
  Rendered goals/_form.html.erb (3.2ms)
  Rendered goals/new.html.erb within layouts/application (8.5ms)
Completed 200 OK in 176ms (Views: 174.3ms | ActiveRecord: 0.6ms)


Started POST "/goals" for 127.0.0.1 at 2018-09-14 16:49:29 -0700
Processing by GoalsController#create as HTML
  Parameters: {"authenticity_token"=>"yWa/IDLsL9YzNYNjJJNpF2E3JPSLSy850YtSU8jvDaOAkoWLGi1ln1GIevAxMQp189qRE9ClruHCkTtHGeUx3Q==", "goal"=>{"title"=>"do better things", "user_id"=>"1", "state"=>"public"}, "submit"=>"Create new goal"}
Completed 500 Internal Server Error in 19ms (ActiveRecord: 0.0ms)



NoMethodError - undefined method `reset_session_token!' for #<Goal:0x00007fef205805b8>:
  app/controllers/application_controller.rb:10:in `login!'
  app/controllers/goals_controller.rb:15:in `create'

Started POST "/__better_errors/42391ee7efa80cb5/variables" for 127.0.0.1 at 2018-09-14 16:49:29 -0700
Started GET "/goals" for 127.0.0.1 at 2018-09-14 16:50:28 -0700
Processing by GoalsController#index as HTML
  Rendering goals/index.html.erb within layouts/application
  [1m[36mGoal Load (0.9ms)[0m  [1m[34mSELECT "goals".* FROM "goals"[0m
  ↳ app/views/goals/index.html.erb:5
  Rendered goals/index.html.erb within layouts/application (18.8ms)
Completed 200 OK in 170ms (Views: 135.1ms | ActiveRecord: 7.3ms)


Started GET "/goals/new" for 127.0.0.1 at 2018-09-14 16:50:32 -0700
Processing by GoalsController#new as HTML
  Rendering goals/new.html.erb within layouts/application
  [1m[36mUser Load (1.0ms)[0m  [1m[34mSELECT "users".* FROM "users"[0m
  ↳ app/views/goals/_form.html.erb:26
  Rendered goals/_form.html.erb (55.5ms)
  Rendered goals/new.html.erb within layouts/application (59.0ms)
Completed 200 OK in 79ms (Views: 72.8ms | ActiveRecord: 6.0ms)


Started POST "/goals" for 127.0.0.1 at 2018-09-14 16:50:39 -0700
Processing by GoalsController#create as HTML
  Parameters: {"authenticity_token"=>"WBzmYChqhxCEJyO9+NRe7lwrx/KikDx11PcHDd2FihUR6NzLAKvNWeaa2i7tdj2MzsZyFfl+va3H7W4ZDI+2aw==", "goal"=>{"title"=>"do better things", "user_id"=>"1", "state"=>"public"}, "submit"=>"Create new goal"}
  [1m[35m (0.5ms)[0m  [1m[35mBEGIN[0m
  ↳ app/controllers/goals_controller.rb:14
  [1m[36mUser Load (0.5ms)[0m  [1m[34mSELECT  "users".* FROM "users" WHERE "users"."id" = $1 LIMIT $2[0m  [["id", 1], ["LIMIT", 1]]
  ↳ app/controllers/goals_controller.rb:14
  [1m[36mGoal Create (10.8ms)[0m  [1m[32mINSERT INTO "goals" ("user_id", "state", "created_at", "updated_at", "title") VALUES ($1, $2, $3, $4, $5) RETURNING "id"[0m  [["user_id", "1"], ["state", "public"], ["created_at", "2018-09-14 23:50:39.900320"], ["updated_at", "2018-09-14 23:50:39.900320"], ["title", "do better things"]]
  ↳ app/controllers/goals_controller.rb:14
  [1m[35m (9.1ms)[0m  [1m[35mCOMMIT[0m
  ↳ app/controllers/goals_controller.rb:14
Redirected to http://localhost:3000/users/4
Completed 302 Found in 111ms (ActiveRecord: 21.4ms)


Started GET "/users/4" for 127.0.0.1 at 2018-09-14 16:50:39 -0700
Processing by UsersController#show as HTML
  Parameters: {"id"=>"4"}
  [1m[36mUser Load (0.9ms)[0m  [1m[34mSELECT  "users".* FROM "users" WHERE "users"."id" = $1 LIMIT $2[0m  [["id", 4], ["LIMIT", 1]]
  ↳ app/controllers/users_controller.rb:25
Completed 404 Not Found in 5ms (ActiveRecord: 0.9ms)



ActiveRecord::RecordNotFound - Couldn't find User with 'id'=4:
  app/controllers/users_controller.rb:25:in `show'

Started POST "/__better_errors/de0c698fd06db432/variables" for 127.0.0.1 at 2018-09-14 16:50:40 -0700
Started POST "/__better_errors/de0c698fd06db432/eval" for 127.0.0.1 at 2018-09-14 16:50:52 -0700
Started GET "/goals/new" for 127.0.0.1 at 2018-09-14 16:51:10 -0700
Processing by GoalsController#new as HTML
  Rendering goals/new.html.erb within layouts/application
  [1m[36mUser Load (0.5ms)[0m  [1m[34mSELECT "users".* FROM "users"[0m
  ↳ app/views/goals/_form.html.erb:26
  Rendered goals/_form.html.erb (18.2ms)
  Rendered goals/new.html.erb within layouts/application (21.2ms)
Completed 200 OK in 69ms (Views: 44.4ms | ActiveRecord: 12.3ms)


Started POST "/goals" for 127.0.0.1 at 2018-09-14 16:51:16 -0700
Processing by GoalsController#create as HTML
  Parameters: {"authenticity_token"=>"O0I+IZ7iXPgJGmgtRZJyCi4OEv9kumKfMK1xQxUIFwZytgSKtiMWsWunkb5QMBFovOOnGD9U40cjtxhXxAIreA==", "goal"=>{"title"=>"do better things", "user_id"=>"1", "state"=>"public"}, "submit"=>"Create new goal"}
  [1m[35m (0.2ms)[0m  [1m[35mBEGIN[0m
  ↳ app/controllers/goals_controller.rb:14
  [1m[36mUser Load (0.5ms)[0m  [1m[34mSELECT  "users".* FROM "users" WHERE "users"."id" = $1 LIMIT $2[0m  [["id", 1], ["LIMIT", 1]]
  ↳ app/controllers/goals_controller.rb:14
  [1m[36mGoal Create (0.5ms)[0m  [1m[32mINSERT INTO "goals" ("user_id", "state", "created_at", "updated_at", "title") VALUES ($1, $2, $3, $4, $5) RETURNING "id"[0m  [["user_id", "1"], ["state", "public"], ["created_at", "2018-09-14 23:51:16.258279"], ["updated_at", "2018-09-14 23:51:16.258279"], ["title", "do better things"]]
  ↳ app/controllers/goals_controller.rb:14
  [1m[35m (0.5ms)[0m  [1m[35mCOMMIT[0m
  ↳ app/controllers/goals_controller.rb:14
Redirected to http://localhost:3000/users/1
Completed 302 Found in 9ms (ActiveRecord: 1.7ms)


Started GET "/users/1" for 127.0.0.1 at 2018-09-14 16:51:16 -0700
Processing by UsersController#show as HTML
  Parameters: {"id"=>"1"}
  [1m[36mUser Load (0.5ms)[0m  [1m[34mSELECT  "users".* FROM "users" WHERE "users"."id" = $1 LIMIT $2[0m  [["id", 1], ["LIMIT", 1]]
  ↳ app/controllers/users_controller.rb:25
  Rendering users/show.html.erb within layouts/application
  Rendered users/show.html.erb within layouts/application (1.2ms)
Completed 200 OK in 77ms (Views: 74.5ms | ActiveRecord: 0.5ms)


Started GET "/users/1" for 127.0.0.1 at 2018-09-14 16:55:12 -0700
Processing by UsersController#show as HTML
  Parameters: {"id"=>"1"}
  [1m[36mUser Load (0.6ms)[0m  [1m[34mSELECT  "users".* FROM "users" WHERE "users"."id" = $1 LIMIT $2[0m  [["id", 1], ["LIMIT", 1]]
  ↳ app/controllers/users_controller.rb:25
  Rendering users/show.html.erb within layouts/application
  Rendered users/show.html.erb within layouts/application (1.1ms)
Completed 200 OK in 189ms (Views: 135.6ms | ActiveRecord: 7.5ms)


Started DELETE "/session" for 127.0.0.1 at 2018-09-14 16:55:14 -0700
Processing by SessionsController#destroy as HTML
  Parameters: {"authenticity_token"=>"kd/VkzSFZx7UhOZc0EWPPIYZzPiplsX4cBbwag3vKizYK+84HEQtV7Y5H8/F5+xeFPR5H/J4RCBjDJl+3OUWUg==", "submit"=>"Logout"}
  [1m[36mUser Load (0.6ms)[0m  [1m[34mSELECT  "users".* FROM "users" WHERE "users"."session_token" IS NULL LIMIT $1[0m  [["LIMIT", 1]]
  ↳ app/controllers/application_controller.rb:14
Completed 500 Internal Server Error in 5ms (ActiveRecord: 0.6ms)



NoMethodError - undefined method `reset_session_token!' for nil:NilClass:
  app/controllers/application_controller.rb:18:in `logout!'
  app/controllers/sessions_controller.rb:22:in `destroy'

Started POST "/__better_errors/6c732987120633ec/variables" for 127.0.0.1 at 2018-09-14 16:55:15 -0700
Started POST "/__better_errors/6c732987120633ec/eval" for 127.0.0.1 at 2018-09-14 16:55:32 -0700
  [1m[36mUser Load (0.7ms)[0m  [1m[34mSELECT  "users".* FROM "users" WHERE "users"."session_token" IS NULL LIMIT $1[0m  [["LIMIT", 1]]
  ↳ app/controllers/application_controller.rb:14
Started GET "/session" for 127.0.0.1 at 2018-09-14 16:55:57 -0700

AbstractController::ActionNotFound - The action 'show' could not be found for SessionsController:

Started POST "/__better_errors/ba6b7846e42a1b30/variables" for 127.0.0.1 at 2018-09-14 16:55:57 -0700
Started GET "/users" for 127.0.0.1 at 2018-09-14 16:56:19 -0700
Processing by UsersController#index as HTML
  Rendering users/index.html.erb within layouts/application
  [1m[36mUser Load (0.6ms)[0m  [1m[34mSELECT "users".* FROM "users"[0m
  ↳ app/views/users/index.html.erb:1
  Rendered users/index.html.erb within layouts/application (3.4ms)
Completed 200 OK in 116ms (Views: 114.9ms | ActiveRecord: 0.6ms)


Started GET "/session/new" for 127.0.0.1 at 2018-09-14 16:56:25 -0700
Processing by SessionsController#new as HTML
  Rendering sessions/new.html.erb within layouts/application
  Rendered users/_form.html.erb (1.5ms)
  Rendered sessions/new.html.erb within layouts/application (103.5ms)
Completed 200 OK in 292ms (Views: 291.3ms | ActiveRecord: 0.0ms)


Started POST "/session" for 127.0.0.1 at 2018-09-14 16:56:34 -0700
Processing by SessionsController#create as HTML
  Parameters: {"user"=>{"email"=>"ej@ej.com", "password"=>"[FILTERED]"}, "submit"=>"Sign In"}
Can't verify CSRF token authenticity.
Completed 422 Unprocessable Entity in 1ms (ActiveRecord: 0.0ms)



ActionController::InvalidAuthenticityToken - ActionController::InvalidAuthenticityToken:

Started POST "/__better_errors/e7777cdcaf2f1c11/variables" for 127.0.0.1 at 2018-09-14 16:56:34 -0700
Started GET "/session/new" for 127.0.0.1 at 2018-09-14 16:57:01 -0700
Processing by SessionsController#new as HTML
  Rendering sessions/new.html.erb within layouts/application
  Rendered users/_form.html.erb (1.1ms)
  Rendered sessions/new.html.erb within layouts/application (3.8ms)
Completed 200 OK in 124ms (Views: 122.9ms | ActiveRecord: 0.0ms)


Started POST "/session" for 127.0.0.1 at 2018-09-14 16:57:06 -0700
Processing by SessionsController#create as HTML
  Parameters: {"authenticity_token"=>"xDaCMovpgTNxG6MuQWFDNx0uAgAD9cNoUhHEvxDhIy+NwriZoyjLehOmWr1UwyBVj8O351gbQrBBC62rwesfUQ==", "user"=>{"email"=>"ej@ej.com", "password"=>"[FILTERED]"}, "submit"=>"Sign In"}
  [1m[36mUser Load (0.4ms)[0m  [1m[34mSELECT  "users".* FROM "users" WHERE "users"."email" = $1 LIMIT $2[0m  [["email", "ej@ej.com"], ["LIMIT", 1]]
  ↳ app/models/user.rb:27
Completed 500 Internal Server Error in 5ms (ActiveRecord: 0.4ms)



NoMethodError - undefined method `is_password?' for nil:NilClass:
  app/models/user.rb:28:in `find_by_credentials'
  app/controllers/sessions_controller.rb:8:in `create'

Started POST "/__better_errors/b28bd48e586d57ac/variables" for 127.0.0.1 at 2018-09-14 16:57:06 -0700
Started GET "/session/new" for 127.0.0.1 at 2018-09-14 16:57:31 -0700
Processing by SessionsController#new as HTML
  Rendering sessions/new.html.erb within layouts/application
  Rendered users/_form.html.erb (1.1ms)
  Rendered sessions/new.html.erb within layouts/application (5.0ms)
Completed 200 OK in 114ms (Views: 112.8ms | ActiveRecord: 0.0ms)


Started POST "/session" for 127.0.0.1 at 2018-09-14 16:58:00 -0700
Processing by SessionsController#create as HTML
  Parameters: {"authenticity_token"=>"d/AFN+6qXbVk4QsnerDnoMd5pJZlaJQAY/9OF2smjNE+BD+cxmsX/AZc8rRvEoTCVZQRcT6GFdhw5ScDuiywrw==", "user"=>{"email"=>"ej@ej.com", "password"=>"[FILTERED]"}, "submit"=>"Sign In"}
  [1m[36mUser Load (0.4ms)[0m  [1m[34mSELECT  "users".* FROM "users" WHERE "users"."email" = $1 LIMIT $2[0m  [["email", "ej@ej.com"], ["LIMIT", 1]]
  ↳ app/models/user.rb:27
Completed 500 Internal Server Error in 68ms (ActiveRecord: 3.4ms)



ActionView::MissingTemplate - Missing template http://localhost:3000/session/new with {:locale=>[:en], :formats=>[:html], :variants=>[], :handlers=>[:raw, :erb, :html, :builder, :ruby, :coffee, :jbuilder]}. Searched in:
  * "/Users/appacademy/Desktop/W4D5/GoalApp/app/views"
:
  app/controllers/sessions_controller.rb:17:in `create'

Started POST "/__better_errors/fbac280718c81eb7/variables" for 127.0.0.1 at 2018-09-14 16:58:01 -0700
Started GET "/session/new" for 127.0.0.1 at 2018-09-14 16:58:41 -0700
Processing by SessionsController#new as HTML
  Rendering sessions/new.html.erb within layouts/application
  Rendered users/_form.html.erb (1.7ms)
  Rendered sessions/new.html.erb within layouts/application (5.7ms)
Completed 200 OK in 153ms (Views: 106.8ms | ActiveRecord: 7.2ms)


Started POST "/session" for 127.0.0.1 at 2018-09-14 16:58:45 -0700
Processing by SessionsController#create as HTML
  Parameters: {"authenticity_token"=>"CS9w0iMG9lfcl4m0IDRwqo97OQndFUFar7SrxClwp3lA20p5C8e8Hr4qcCc1lhPIHZaM7ob7wIK8rsLQ+HqbBw==", "user"=>{"email"=>"ej@ej.com", "password"=>"[FILTERED]"}, "submit"=>"Sign In"}
  [1m[36mUser Load (0.5ms)[0m  [1m[34mSELECT  "users".* FROM "users" WHERE "users"."email" = $1 LIMIT $2[0m  [["email", "ej@ej.com"], ["LIMIT", 1]]
  ↳ app/models/user.rb:27
  Rendering sessions/new.html.erb within layouts/application
  Rendered users/_form.html.erb (5.7ms)
  Rendered sessions/new.html.erb within layouts/application (8.7ms)
Completed 500 Internal Server Error in 18ms (ActiveRecord: 0.5ms)



NoMethodError - undefined method `email' for nil:NilClass:
  app/views/users/_form.html.erb:24:in `_app_views_users__form_html_erb___441817621743460772_70332551831420'
  app/views/sessions/new.html.erb:1:in `_app_views_sessions_new_html_erb__3783128485443662109_70332551770500'
  app/controllers/sessions_controller.rb:17:in `create'

Started POST "/__better_errors/aa5d75f45b692fb7/variables" for 127.0.0.1 at 2018-09-14 16:58:46 -0700
Started POST "/__better_errors/aa5d75f45b692fb7/eval" for 127.0.0.1 at 2018-09-14 16:58:58 -0700
Started POST "/__better_errors/aa5d75f45b692fb7/eval" for 127.0.0.1 at 2018-09-14 16:59:14 -0700
Started POST "/session" for 127.0.0.1 at 2018-09-14 17:03:10 -0700
Processing by SessionsController#create as HTML
  Parameters: {"authenticity_token"=>"CS9w0iMG9lfcl4m0IDRwqo97OQndFUFar7SrxClwp3lA20p5C8e8Hr4qcCc1lhPIHZaM7ob7wIK8rsLQ+HqbBw==", "user"=>{"email"=>"ej@ej.com", "password"=>"[FILTERED]"}, "submit"=>"Sign In"}
  [1m[36mUser Load (0.5ms)[0m  [1m[34mSELECT  "users".* FROM "users" WHERE "users"."email" = $1 LIMIT $2[0m  [["email", "ej@ej.com"], ["LIMIT", 1]]
  ↳ app/models/user.rb:27
  Rendering sessions/new.html.erb within layouts/application
  Rendered users/_form.html.erb (1.7ms)
  Rendered sessions/new.html.erb within layouts/application (5.8ms)
Completed 200 OK in 135ms (Views: 81.2ms | ActiveRecord: 8.6ms)


Started GET "/session" for 127.0.0.1 at 2018-09-14 17:05:39 -0700

AbstractController::ActionNotFound - The action 'show' could not be found for SessionsController:

Started POST "/__better_errors/e6255198aac0eb36/variables" for 127.0.0.1 at 2018-09-14 17:05:39 -0700
Started GET "/session" for 127.0.0.1 at 2018-09-14 17:05:43 -0700

AbstractController::ActionNotFound - The action 'show' could not be found for SessionsController:

Started POST "/__better_errors/d5bc397612798dc4/variables" for 127.0.0.1 at 2018-09-14 17:05:43 -0700
Started GET "/session/new" for 127.0.0.1 at 2018-09-14 17:05:46 -0700
Processing by SessionsController#new as HTML
  Rendering sessions/new.html.erb within layouts/application
  Rendered users/_form.html.erb (1.0ms)
  Rendered sessions/new.html.erb within layouts/application (4.9ms)
  Rendered shared/_errors.html.erb (6.4ms)
Completed 500 Internal Server Error in 247ms (ActiveRecord: 0.0ms)



NoMethodError - undefined method `each' for nil:NilClass:
  app/views/shared/_errors.html.erb:1:in `_app_views_shared__errors_html_erb___3396791860183253731_70332545011580'
  app/views/layouts/application.html.erb:13:in `_app_views_layouts_application_html_erb__3457671704513261202_70332564787720'
  app/controllers/sessions_controller.rb:4:in `new'

Started POST "/__better_errors/9fe1ea6f787eb73c/variables" for 127.0.0.1 at 2018-09-14 17:05:47 -0700
Started GET "/session/new" for 127.0.0.1 at 2018-09-14 17:06:21 -0700
Processing by SessionsController#new as HTML
  Rendering sessions/new.html.erb within layouts/application
  Rendered users/_form.html.erb (0.8ms)
  Rendered sessions/new.html.erb within layouts/application (3.0ms)
Completed 200 OK in 68ms (Views: 66.6ms | ActiveRecord: 0.0ms)


Started POST "/session" for 127.0.0.1 at 2018-09-14 17:06:28 -0700
Processing by SessionsController#create as HTML
  Parameters: {"authenticity_token"=>"7gEnDOwfMfRJupmcIHaA35dxgPsd7NXo8RKTSC37tMKn9R2nxN57vSsHYA811OO9BZw1HEYCVDDiCPpc/PGIvA==", "user"=>{"email"=>"ej@ej.com", "password"=>"[FILTERED]"}, "submit"=>"Sign In"}
  [1m[36mUser Load (0.6ms)[0m  [1m[34mSELECT  "users".* FROM "users" WHERE "users"."email" = $1 LIMIT $2[0m  [["email", "ej@ej.com"], ["LIMIT", 1]]
  ↳ app/models/user.rb:27
  Rendering sessions/new.html.erb within layouts/application
  Rendered users/_form.html.erb (1.1ms)
  Rendered sessions/new.html.erb within layouts/application (3.5ms)
  Rendered shared/_errors.html.erb (7.8ms)
Completed 500 Internal Server Error in 41ms (ActiveRecord: 0.6ms)



NoMethodError - undefined method `each' for "Wrong username or password":String:
  app/views/shared/_errors.html.erb:1:in `_app_views_shared__errors_html_erb___3396791860183253731_70332564932860'
  app/views/layouts/application.html.erb:14:in `_app_views_layouts_application_html_erb__3457671704513261202_70332565396020'
  app/controllers/sessions_controller.rb:18:in `create'

Started POST "/__better_errors/d98c463d68bdbe84/variables" for 127.0.0.1 at 2018-09-14 17:06:28 -0700
